udp | binding udp socket to port 7001.
Udp bound to port: 7001.
udpproto0 | send sync-request (12828).
udp | sent packet length 8.
udpproto0 | No luck syncing after 500 ms... Re-queueing sync packet.
udpproto0 | send sync-request (8938).
udp | sent packet length 8.
udpproto0 | No luck syncing after 500 ms... Re-queueing sync packet.
udpproto0 | send sync-request (9249).
udp | sent packet length 8.
udpproto0 | No luck syncing after 500 ms... Re-queueing sync packet.
udpproto0 | send sync-request (27018).
udp | sent packet length 8.
udpproto0 | No luck syncing after 500 ms... Re-queueing sync packet.
udpproto0 | send sync-request (12882).
udp | sent packet length 8.
udpproto0 | No luck syncing after 500 ms... Re-queueing sync packet.
udpproto0 | send sync-request (28772).
udp | sent packet length 8.
udpproto0 | No luck syncing after 500 ms... Re-queueing sync packet.
udpproto0 | send sync-request (672).
udp | sent packet length 8.
udpproto0 | No luck syncing after 500 ms... Re-queueing sync packet.
udpproto0 | send sync-request (25986).
udp | sent packet length 8.
udpproto0 | No luck syncing after 500 ms... Re-queueing sync packet.
udpproto0 | send sync-request (13128).
udp | sent packet length 8.
udpproto0 | No luck syncing after 500 ms... Re-queueing sync packet.
udpproto0 | send sync-request (23845).
udp | sent packet length 8.
udpproto0 | No luck syncing after 500 ms... Re-queueing sync packet.
udpproto0 | send sync-request (689).
udp | sent packet length 8.
udpproto0 | No luck syncing after 500 ms... Re-queueing sync packet.
udpproto0 | send sync-request (21143).
udp | sent packet length 8.
udpproto0 | No luck syncing after 500 ms... Re-queueing sync packet.
udpproto0 | send sync-request (25460).
udp | sent packet length 8.
udpproto0 | No luck syncing after 500 ms... Re-queueing sync packet.
udpproto0 | send sync-request (10399).
udp | sent packet length 8.
udpproto0 | No luck syncing after 500 ms... Re-queueing sync packet.
udpproto0 | send sync-request (17803).
udp | sent packet length 8.
udpproto0 | No luck syncing after 500 ms... Re-queueing sync packet.
udpproto0 | send sync-request (28273).
udp | sent packet length 8.
udpproto0 | No luck syncing after 500 ms... Re-queueing sync packet.
udpproto0 | send sync-request (26094).
udp | sent packet length 8.
udpproto0 | No luck syncing after 500 ms... Re-queueing sync packet.
udpproto0 | send sync-request (5464).
udp | sent packet length 8.
udpproto0 | No luck syncing after 500 ms... Re-queueing sync packet.
udpproto0 | send sync-request (16428).
udp | sent packet length 8.
udpproto0 | No luck syncing after 500 ms... Re-queueing sync packet.
udpproto0 | send sync-request (25702).
udp | sent packet length 8.
udpproto0 | No luck syncing after 500 ms... Re-queueing sync packet.
udpproto0 | send sync-request (22982).
udp | sent packet length 8.
udpproto0 | No luck syncing after 500 ms... Re-queueing sync packet.
udpproto0 | send sync-request (8941).
udp | sent packet length 8.
udpproto0 | No luck syncing after 500 ms... Re-queueing sync packet.
udpproto0 | send sync-request (7502).
udp | sent packet length 8.
udpproto0 | No luck syncing after 500 ms... Re-queueing sync packet.
udpproto0 | send sync-request (30618).
udp | sent packet length 8.
udpproto0 | No luck syncing after 500 ms... Re-queueing sync packet.
udpproto0 | send sync-request (27547).
udp | sent packet length 8.
udpproto0 | No luck syncing after 500 ms... Re-queueing sync packet.
udpproto0 | send sync-request (10584).
udp | sent packet length 8.
udpproto0 | No luck syncing after 500 ms... Re-queueing sync packet.
udpproto0 | send sync-request (31639).
udp | sent packet length 8.
udpproto0 | No luck syncing after 500 ms... Re-queueing sync packet.
udpproto0 | send sync-request (6251).
udp | sent packet length 8.
udpproto0 | No luck syncing after 500 ms... Re-queueing sync packet.
udpproto0 | send sync-request (9577).
udp | sent packet length 8.
udpproto0 | No luck syncing after 500 ms... Re-queueing sync packet.
udpproto0 | send sync-request (14702).
udp | sent packet length 8.
udpproto0 | No luck syncing after 500 ms... Re-queueing sync packet.
udpproto0 | send sync-request (23568).
udp | sent packet length 8.
udpproto0 | No luck syncing after 500 ms... Re-queueing sync packet.
udpproto0 | send sync-request (26892).
udp | sent packet length 8.
udpproto0 | No luck syncing after 500 ms... Re-queueing sync packet.
udpproto0 | send sync-request (28835).
udp | sent packet length 8.
udpproto0 | No luck syncing after 500 ms... Re-queueing sync packet.
udpproto0 | send sync-request (26283).
udp | sent packet length 8.
udpproto0 | No luck syncing after 500 ms... Re-queueing sync packet.
udpproto0 | send sync-request (21720).
udp | sent packet length 8.
udpproto0 | No luck syncing after 500 ms... Re-queueing sync packet.
udpproto0 | send sync-request (30063).
udp | sent packet length 8.
udpproto0 | No luck syncing after 500 ms... Re-queueing sync packet.
udpproto0 | send sync-request (32386).
udp | sent packet length 8.
udpproto0 | No luck syncing after 500 ms... Re-queueing sync packet.
udpproto0 | send sync-request (24114).
udp | sent packet length 8.
udpproto0 | No luck syncing after 500 ms... Re-queueing sync packet.
udpproto0 | send sync-request (23578).
udp | sent packet length 8.
udpproto0 | No luck syncing after 500 ms... Re-queueing sync packet.
udpproto0 | send sync-request (8809).
udp | sent packet length 8.
udpproto0 | No luck syncing after 500 ms... Re-queueing sync packet.
udpproto0 | send sync-request (2716).
udp | sent packet length 8.
udpproto0 | No luck syncing after 500 ms... Re-queueing sync packet.
udpproto0 | send sync-request (28432).
udp | sent packet length 8.
udpproto0 | No luck syncing after 500 ms... Re-queueing sync packet.
udpproto0 | send sync-request (16188).
udp | sent packet length 8.
udpproto0 | No luck syncing after 500 ms... Re-queueing sync packet.
udpproto0 | send sync-request (6161).
udp | sent packet length 8.
udpproto0 | No luck syncing after 500 ms... Re-queueing sync packet.
udpproto0 | send sync-request (11192).
udp | sent packet length 8.
udpproto0 | No luck syncing after 500 ms... Re-queueing sync packet.
udpproto0 | send sync-request (26561).
udp | sent packet length 8.
udpproto0 | No luck syncing after 500 ms... Re-queueing sync packet.
udpproto0 | send sync-request (6745).
udp | sent packet length 8.
udpproto0 | No luck syncing after 500 ms... Re-queueing sync packet.
udpproto0 | send sync-request (11113).
udp | sent packet length 8.
udpproto0 | No luck syncing after 500 ms... Re-queueing sync packet.
udpproto0 | send sync-request (9953).
udp | sent packet length 8.
udpproto0 | No luck syncing after 500 ms... Re-queueing sync packet.
udpproto0 | send sync-request (27893).
udp | sent packet length 8.
udpproto0 | No luck syncing after 500 ms... Re-queueing sync packet.
udpproto0 | send sync-request (25586).
udp | sent packet length 8.
udpproto0 | No luck syncing after 500 ms... Re-queueing sync packet.
udpproto0 | send sync-request (2880).
udp | sent packet length 8.
udpproto0 | No luck syncing after 500 ms... Re-queueing sync packet.
udpproto0 | send sync-request (30905).
udp | sent packet length 8.
udpproto0 | No luck syncing after 500 ms... Re-queueing sync packet.
udpproto0 | send sync-request (11668).
udp | sent packet length 8.
udpproto0 | No luck syncing after 500 ms... Re-queueing sync packet.
udpproto0 | send sync-request (24800).
udp | sent packet length 8.
udpproto0 | No luck syncing after 500 ms... Re-queueing sync packet.
udpproto0 | send sync-request (13398).
udp | sent packet length 8.
udpproto0 | No luck syncing after 500 ms... Re-queueing sync packet.
udpproto0 | send sync-request (2320).
udp | sent packet length 8.
udpproto0 | No luck syncing after 500 ms... Re-queueing sync packet.
udpproto0 | send sync-request (6143).
udp | sent packet length 8.
udpproto0 | No luck syncing after 500 ms... Re-queueing sync packet.
udpproto0 | send sync-request (5261).
udp | sent packet length 8.
udpproto0 | No luck syncing after 500 ms... Re-queueing sync packet.
udpproto0 | send sync-request (28866).
udp | sent packet length 8.
udpproto0 | No luck syncing after 500 ms... Re-queueing sync packet.
udpproto0 | send sync-request (15541).
udp | sent packet length 8.
udpproto0 | No luck syncing after 500 ms... Re-queueing sync packet.
udpproto0 | send sync-request (29849).
udp | sent packet length 8.
udpproto0 | No luck syncing after 500 ms... Re-queueing sync packet.
udpproto0 | send sync-request (356).
udp | sent packet length 8.
udpproto0 | No luck syncing after 500 ms... Re-queueing sync packet.
udpproto0 | send sync-request (26257).
udp | sent packet length 8.
udpproto0 | No luck syncing after 500 ms... Re-queueing sync packet.
udpproto0 | send sync-request (22924).
udp | sent packet length 8.
udpproto0 | No luck syncing after 500 ms... Re-queueing sync packet.
udpproto0 | send sync-request (2438).
udp | sent packet length 8.
udpproto0 | No luck syncing after 500 ms... Re-queueing sync packet.
udpproto0 | send sync-request (19846).
udp | sent packet length 8.
udpproto0 | No luck syncing after 500 ms... Re-queueing sync packet.
udpproto0 | send sync-request (31152).
udp | sent packet length 8.
udpproto0 | No luck syncing after 500 ms... Re-queueing sync packet.
udpproto0 | send sync-request (28897).
udp | sent packet length 8.
udpproto0 | No luck syncing after 500 ms... Re-queueing sync packet.
udpproto0 | send sync-request (11186).
udp | sent packet length 8.
udpproto0 | No luck syncing after 500 ms... Re-queueing sync packet.
udpproto0 | send sync-request (8127).
udp | sent packet length 8.
udpproto0 | No luck syncing after 500 ms... Re-queueing sync packet.
udpproto0 | send sync-request (1292).
udp | sent packet length 8.
udpproto0 | No luck syncing after 500 ms... Re-queueing sync packet.
udpproto0 | send sync-request (17404).
udp | sent packet length 8.
udpproto0 | No luck syncing after 500 ms... Re-queueing sync packet.
udpproto0 | send sync-request (24853).
udp | sent packet length 8.
udpproto0 | No luck syncing after 500 ms... Re-queueing sync packet.
udpproto0 | send sync-request (18616).
udp | sent packet length 8.
udpproto0 | No luck syncing after 500 ms... Re-queueing sync packet.
udpproto0 | send sync-request (12023).
udp | sent packet length 8.
udpproto0 | No luck syncing after 500 ms... Re-queueing sync packet.
udpproto0 | send sync-request (22262).
udp | sent packet length 8.
udpproto0 | No luck syncing after 500 ms... Re-queueing sync packet.
udpproto0 | send sync-request (30774).
udp | sent packet length 8.
udpproto0 | No luck syncing after 500 ms... Re-queueing sync packet.
udpproto0 | send sync-request (3182).
udp | sent packet length 8.
udpproto0 | No luck syncing after 500 ms... Re-queueing sync packet.
udpproto0 | send sync-request (23758).
udp | sent packet length 8.
udpproto0 | No luck syncing after 500 ms... Re-queueing sync packet.
udpproto0 | send sync-request (9675).
udp | sent packet length 8.
udpproto0 | No luck syncing after 500 ms... Re-queueing sync packet.
udpproto0 | send sync-request (14574).
udp | sent packet length 8.
udpproto0 | No luck syncing after 500 ms... Re-queueing sync packet.
udpproto0 | send sync-request (8162).
udp | sent packet length 8.
udpproto0 | No luck syncing after 500 ms... Re-queueing sync packet.
udpproto0 | send sync-request (2520).
udp | sent packet length 8.
udpproto0 | No luck syncing after 500 ms... Re-queueing sync packet.
udpproto0 | send sync-request (12207).
udp | sent packet length 8.
udpproto0 | No luck syncing after 500 ms... Re-queueing sync packet.
udpproto0 | send sync-request (4719).
udp | sent packet length 8.
udpproto0 | No luck syncing after 500 ms... Re-queueing sync packet.
udpproto0 | send sync-request (12051).
udp | sent packet length 8.
udpproto0 | No luck syncing after 500 ms... Re-queueing sync packet.
udpproto0 | send sync-request (1394).
udp | sent packet length 8.
udpproto0 | No luck syncing after 500 ms... Re-queueing sync packet.
udpproto0 | send sync-request (19622).
udp | sent packet length 8.
udpproto0 | No luck syncing after 500 ms... Re-queueing sync packet.
udpproto0 | send sync-request (27268).
udp | sent packet length 8.
udpproto0 | No luck syncing after 500 ms... Re-queueing sync packet.
udpproto0 | send sync-request (32553).
udp | sent packet length 8.
udpproto0 | No luck syncing after 500 ms... Re-queueing sync packet.
udpproto0 | send sync-request (23657).
udp | sent packet length 8.
udpproto0 | No luck syncing after 500 ms... Re-queueing sync packet.
udpproto0 | send sync-request (335).
udp | sent packet length 8.
udpproto0 | No luck syncing after 500 ms... Re-queueing sync packet.
udpproto0 | send sync-request (29211).
udp | sent packet length 8.
udpproto0 | No luck syncing after 500 ms... Re-queueing sync packet.
udpproto0 | send sync-request (243).
udp | sent packet length 8.
udpproto0 | No luck syncing after 500 ms... Re-queueing sync packet.
udpproto0 | send sync-request (29096).
udp | sent packet length 8.
udpproto0 | No luck syncing after 500 ms... Re-queueing sync packet.
udpproto0 | send sync-request (17664).
udp | sent packet length 8.
udpproto0 | No luck syncing after 500 ms... Re-queueing sync packet.
udpproto0 | send sync-request (8960).
udp | sent packet length 8.
udpproto0 | No luck syncing after 500 ms... Re-queueing sync packet.
udpproto0 | send sync-request (26515).
udp | sent packet length 8.
udpproto0 | No luck syncing after 500 ms... Re-queueing sync packet.
udpproto0 | send sync-request (2579).
udp | sent packet length 8.
udpproto0 | No luck syncing after 500 ms... Re-queueing sync packet.
udpproto0 | send sync-request (28184).
udp | sent packet length 8.
udpproto0 | No luck syncing after 500 ms... Re-queueing sync packet.
udpproto0 | send sync-request (19179).
udp | sent packet length 8.
udpproto0 | No luck syncing after 500 ms... Re-queueing sync packet.
udpproto0 | send sync-request (6008).
udp | sent packet length 8.
udpproto0 | No luck syncing after 500 ms... Re-queueing sync packet.
udpproto0 | send sync-request (20402).
udp | sent packet length 8.
udpproto0 | No luck syncing after 500 ms... Re-queueing sync packet.
udpproto0 | send sync-request (14481).
udp | sent packet length 8.
udpproto0 | No luck syncing after 500 ms... Re-queueing sync packet.
udpproto0 | send sync-request (18365).
udp | sent packet length 8.
udpproto0 | No luck syncing after 500 ms... Re-queueing sync packet.
udpproto0 | send sync-request (397).
udp | sent packet length 8.
udpproto0 | No luck syncing after 500 ms... Re-queueing sync packet.
udpproto0 | send sync-request (4114).
udp | sent packet length 8.
udpproto0 | No luck syncing after 500 ms... Re-queueing sync packet.
udpproto0 | send sync-request (6869).
udp | sent packet length 8.
udpproto0 | No luck syncing after 500 ms... Re-queueing sync packet.
udpproto0 | send sync-request (22791).
udp | sent packet length 8.
udpproto0 | No luck syncing after 500 ms... Re-queueing sync packet.
udpproto0 | send sync-request (16048).
udp | sent packet length 8.
udpproto0 | No luck syncing after 500 ms... Re-queueing sync packet.
udpproto0 | send sync-request (14824).
udp | sent packet length 8.
udpproto0 | No luck syncing after 500 ms... Re-queueing sync packet.
udpproto0 | send sync-request (23763).
udp | sent packet length 8.
udpproto0 | No luck syncing after 500 ms... Re-queueing sync packet.
udpproto0 | send sync-request (10956).
udp | sent packet length 8.
udpproto0 | No luck syncing after 500 ms... Re-queueing sync packet.
udpproto0 | send sync-request (32614).
udp | sent packet length 8.
udpproto0 | No luck syncing after 500 ms... Re-queueing sync packet.
udpproto0 | send sync-request (24056).
udp | sent packet length 8.
udpproto0 | No luck syncing after 500 ms... Re-queueing sync packet.
udpproto0 | send sync-request (9553).
udp | sent packet length 8.
udpproto0 | No luck syncing after 500 ms... Re-queueing sync packet.
udpproto0 | send sync-request (32136).
udp | sent packet length 8.
udpproto0 | No luck syncing after 500 ms... Re-queueing sync packet.
udpproto0 | send sync-request (9165).
udp | sent packet length 8.
udpproto0 | No luck syncing after 500 ms... Re-queueing sync packet.
udpproto0 | send sync-request (14133).
udp | sent packet length 8.
udpproto0 | No luck syncing after 500 ms... Re-queueing sync packet.
udpproto0 | send sync-request (29060).
udp | sent packet length 8.
udpproto0 | No luck syncing after 500 ms... Re-queueing sync packet.
udpproto0 | send sync-request (3952).
udp | sent packet length 8.
udpproto0 | No luck syncing after 500 ms... Re-queueing sync packet.
udpproto0 | send sync-request (4050).
udp | sent packet length 8.
udpproto0 | No luck syncing after 500 ms... Re-queueing sync packet.
udpproto0 | send sync-request (32298).
udp | sent packet length 8.
udpproto0 | No luck syncing after 500 ms... Re-queueing sync packet.
udpproto0 | send sync-request (10974).
udp | sent packet length 8.
udpproto0 | No luck syncing after 500 ms... Re-queueing sync packet.
udpproto0 | send sync-request (11004).
udp | sent packet length 8.
udpproto0 | No luck syncing after 500 ms... Re-queueing sync packet.
udpproto0 | send sync-request (4003).
udp | sent packet length 8.
udpproto0 | No luck syncing after 500 ms... Re-queueing sync packet.
udpproto0 | send sync-request (2968).
udp | sent packet length 8.
udpproto0 | No luck syncing after 500 ms... Re-queueing sync packet.
udpproto0 | send sync-request (20263).
udp | sent packet length 8.
udpproto0 | No luck syncing after 500 ms... Re-queueing sync packet.
udpproto0 | send sync-request (32419).
udp | sent packet length 8.
udpproto0 | No luck syncing after 500 ms... Re-queueing sync packet.
udpproto0 | send sync-request (24680).
udp | sent packet length 8.
udpproto0 | No luck syncing after 500 ms... Re-queueing sync packet.
udpproto0 | send sync-request (3681).
udp | sent packet length 8.
udpproto0 | No luck syncing after 500 ms... Re-queueing sync packet.
udpproto0 | send sync-request (24271).
udp | sent packet length 8.
udpproto0 | No luck syncing after 500 ms... Re-queueing sync packet.
udpproto0 | send sync-request (8677).
udp | sent packet length 8.
udpproto0 | No luck syncing after 500 ms... Re-queueing sync packet.
udpproto0 | send sync-request (12590).
udp | sent packet length 8.
udpproto0 | No luck syncing after 500 ms... Re-queueing sync packet.
udpproto0 | send sync-request (22692).
udp | sent packet length 8.
udpproto0 | No luck syncing after 500 ms... Re-queueing sync packet.
udpproto0 | send sync-request (1411).
udp | sent packet length 8.
udpproto0 | No luck syncing after 500 ms... Re-queueing sync packet.
udpproto0 | send sync-request (27535).
udp | sent packet length 8.
udpproto0 | No luck syncing after 500 ms... Re-queueing sync packet.
udpproto0 | send sync-request (12323).
udp | sent packet length 8.
udpproto0 | No luck syncing after 500 ms... Re-queueing sync packet.
udpproto0 | send sync-request (2090).
udp | sent packet length 8.
udpproto0 | No luck syncing after 500 ms... Re-queueing sync packet.
udpproto0 | send sync-request (12542).
udp | sent packet length 8.
udpproto0 | No luck syncing after 500 ms... Re-queueing sync packet.
udpproto0 | send sync-request (32059).
udp | sent packet length 8.
udpproto0 | No luck syncing after 500 ms... Re-queueing sync packet.
udpproto0 | send sync-request (30729).
udp | sent packet length 8.
udpproto0 | No luck syncing after 500 ms... Re-queueing sync packet.
udpproto0 | send sync-request (3585).
udp | sent packet length 8.
udpproto0 | No luck syncing after 500 ms... Re-queueing sync packet.
udpproto0 | send sync-request (2594).
udp | sent packet length 8.
udpproto0 | No luck syncing after 500 ms... Re-queueing sync packet.
udpproto0 | send sync-request (10262).
udp | sent packet length 8.
udpproto0 | No luck syncing after 500 ms... Re-queueing sync packet.
udpproto0 | send sync-request (29157).
udp | sent packet length 8.
udpproto0 | No luck syncing after 500 ms... Re-queueing sync packet.
udpproto0 | send sync-request (22886).
udp | sent packet length 8.
udpproto0 | No luck syncing after 500 ms... Re-queueing sync packet.
udpproto0 | send sync-request (1095).
udp | sent packet length 8.
udpproto0 | No luck syncing after 500 ms... Re-queueing sync packet.
udpproto0 | send sync-request (3814).
udp | sent packet length 8.
udpproto0 | No luck syncing after 500 ms... Re-queueing sync packet.
udpproto0 | send sync-request (32503).
udp | sent packet length 8.
udpproto0 | No luck syncing after 500 ms... Re-queueing sync packet.
udpproto0 | send sync-request (10729).
udp | sent packet length 8.
udpproto0 | No luck syncing after 500 ms... Re-queueing sync packet.
udpproto0 | send sync-request (30419).
udp | sent packet length 8.
udpproto0 | No luck syncing after 500 ms... Re-queueing sync packet.
udpproto0 | send sync-request (10571).
udp | sent packet length 8.
udpproto0 | No luck syncing after 500 ms... Re-queueing sync packet.
udpproto0 | send sync-request (32495).
udp | sent packet length 8.
udpproto0 | No luck syncing after 500 ms... Re-queueing sync packet.
udpproto0 | send sync-request (19659).
udp | sent packet length 8.
udpproto0 | No luck syncing after 500 ms... Re-queueing sync packet.
udpproto0 | send sync-request (29962).
udp | sent packet length 8.
udpproto0 | No luck syncing after 500 ms... Re-queueing sync packet.
udpproto0 | send sync-request (3140).
udp | sent packet length 8.
udpproto0 | No luck syncing after 500 ms... Re-queueing sync packet.
udpproto0 | send sync-request (1630).
udp | sent packet length 8.
udpproto0 | No luck syncing after 500 ms... Re-queueing sync packet.
udpproto0 | send sync-request (18859).
udp | sent packet length 8.
udpproto0 | No luck syncing after 500 ms... Re-queueing sync packet.
udpproto0 | send sync-request (22568).
udp | sent packet length 8.
udpproto0 | No luck syncing after 500 ms... Re-queueing sync packet.
udpproto0 | send sync-request (7158).
udp | sent packet length 8.
udpproto0 | No luck syncing after 500 ms... Re-queueing sync packet.
udpproto0 | send sync-request (22891).
udp | sent packet length 8.
udpproto0 | No luck syncing after 500 ms... Re-queueing sync packet.
udpproto0 | send sync-request (16993).
udp | sent packet length 8.
udpproto0 | No luck syncing after 500 ms... Re-queueing sync packet.
udpproto0 | send sync-request (12205).
udp | sent packet length 8.
udpproto0 | No luck syncing after 500 ms... Re-queueing sync packet.
udpproto0 | send sync-request (2729).
udp | sent packet length 8.
udpproto0 | No luck syncing after 500 ms... Re-queueing sync packet.
udpproto0 | send sync-request (32455).
udp | sent packet length 8.
udpproto0 | No luck syncing after 500 ms... Re-queueing sync packet.
udpproto0 | send sync-request (2603).
udp | sent packet length 8.
udpproto0 | No luck syncing after 500 ms... Re-queueing sync packet.
udpproto0 | send sync-request (3065).
udp | sent packet length 8.
udpproto0 | No luck syncing after 500 ms... Re-queueing sync packet.
udpproto0 | send sync-request (18708).
udp | sent packet length 8.
udpproto0 | No luck syncing after 500 ms... Re-queueing sync packet.
udpproto0 | send sync-request (32483).
udp | sent packet length 8.
udpproto0 | No luck syncing after 500 ms... Re-queueing sync packet.
udpproto0 | send sync-request (14343).
udp | sent packet length 8.
udpproto0 | No luck syncing after 500 ms... Re-queueing sync packet.
udpproto0 | send sync-request (22296).
udp | sent packet length 8.
udpproto0 | No luck syncing after 500 ms... Re-queueing sync packet.
udpproto0 | send sync-request (19418).
udp | sent packet length 8.
udpproto0 | No luck syncing after 500 ms... Re-queueing sync packet.
udpproto0 | send sync-request (9056).
udp | sent packet length 8.
udpproto0 | No luck syncing after 500 ms... Re-queueing sync packet.
udpproto0 | send sync-request (14431).
udp | sent packet length 8.
udpproto0 | No luck syncing after 500 ms... Re-queueing sync packet.
udpproto0 | send sync-request (12255).
udp | sent packet length 8.
udpproto0 | No luck syncing after 500 ms... Re-queueing sync packet.
udpproto0 | send sync-request (19028).
udp | sent packet length 8.
udpproto0 | No luck syncing after 500 ms... Re-queueing sync packet.
udpproto0 | send sync-request (19143).
udp | sent packet length 8.
udpproto0 | No luck syncing after 500 ms... Re-queueing sync packet.
udpproto0 | send sync-request (8683).
udp | sent packet length 8.
udpproto0 | No luck syncing after 500 ms... Re-queueing sync packet.
udpproto0 | send sync-request (31544).
udp | sent packet length 8.
udpproto0 | No luck syncing after 500 ms... Re-queueing sync packet.
udpproto0 | send sync-request (23185).
udp | sent packet length 8.
udpproto0 | No luck syncing after 500 ms... Re-queueing sync packet.
udpproto0 | send sync-request (9338).
udp | sent packet length 8.
udpproto0 | No luck syncing after 500 ms... Re-queueing sync packet.
udpproto0 | send sync-request (20948).
udp | sent packet length 8.
udpproto0 | No luck syncing after 500 ms... Re-queueing sync packet.
udpproto0 | send sync-request (8122).
udp | sent packet length 8.
udpproto0 | No luck syncing after 500 ms... Re-queueing sync packet.
udpproto0 | send sync-request (3739).
udp | sent packet length 8.
udpproto0 | No luck syncing after 500 ms... Re-queueing sync packet.
udpproto0 | send sync-request (26858).
udp | sent packet length 8.
udpproto0 | No luck syncing after 500 ms... Re-queueing sync packet.
udpproto0 | send sync-request (4885).
udp | sent packet length 8.
udpproto0 | No luck syncing after 500 ms... Re-queueing sync packet.
udpproto0 | send sync-request (8061).
udp | sent packet length 8.
udpproto0 | No luck syncing after 500 ms... Re-queueing sync packet.
udpproto0 | send sync-request (30460).
udp | sent packet length 8.
udpproto0 | No luck syncing after 500 ms... Re-queueing sync packet.
udpproto0 | send sync-request (25099).
udp | sent packet length 8.
udpproto0 | No luck syncing after 500 ms... Re-queueing sync packet.
udpproto0 | send sync-request (21799).
udp | sent packet length 8.
udpproto0 | No luck syncing after 500 ms... Re-queueing sync packet.
udpproto0 | send sync-request (1068).
udp | sent packet length 8.
udpproto0 | No luck syncing after 500 ms... Re-queueing sync packet.
udpproto0 | send sync-request (11905).
udp | sent packet length 8.
udpproto0 | No luck syncing after 500 ms... Re-queueing sync packet.
udpproto0 | send sync-request (22533).
udp | sent packet length 8.
udpproto0 | No luck syncing after 500 ms... Re-queueing sync packet.
udpproto0 | send sync-request (13789).
udp | sent packet length 8.
udpproto0 | No luck syncing after 500 ms... Re-queueing sync packet.
udpproto0 | send sync-request (20827).
udp | sent packet length 8.
udpproto0 | No luck syncing after 500 ms... Re-queueing sync packet.
udpproto0 | send sync-request (21310).
udp | sent packet length 8.
udpproto0 | No luck syncing after 500 ms... Re-queueing sync packet.
udpproto0 | send sync-request (13869).
udp | sent packet length 8.
udpproto0 | No luck syncing after 500 ms... Re-queueing sync packet.
udpproto0 | send sync-request (25229).
udp | sent packet length 8.
udpproto0 | No luck syncing after 500 ms... Re-queueing sync packet.
udpproto0 | send sync-request (28955).
udp | sent packet length 8.
udpproto0 | No luck syncing after 500 ms... Re-queueing sync packet.
udpproto0 | send sync-request (4306).
udp | sent packet length 8.
udpproto0 | No luck syncing after 500 ms... Re-queueing sync packet.
udpproto0 | send sync-request (31795).
udp | sent packet length 8.
udpproto0 | No luck syncing after 500 ms... Re-queueing sync packet.
udpproto0 | send sync-request (5232).
udp | sent packet length 8.
udpproto0 | No luck syncing after 500 ms... Re-queueing sync packet.
udpproto0 | send sync-request (20172).
udp | sent packet length 8.
udpproto0 | No luck syncing after 500 ms... Re-queueing sync packet.
udpproto0 | send sync-request (8173).
udp | sent packet length 8.
udpproto0 | No luck syncing after 500 ms... Re-queueing sync packet.
udpproto0 | send sync-request (20380).
udp | sent packet length 8.
udpproto0 | No luck syncing after 500 ms... Re-queueing sync packet.
udpproto0 | send sync-request (11339).
udp | sent packet length 8.
udpproto0 | No luck syncing after 500 ms... Re-queueing sync packet.
udpproto0 | send sync-request (5171).
udp | sent packet length 8.
udpproto0 | No luck syncing after 500 ms... Re-queueing sync packet.
udpproto0 | send sync-request (24335).
udp | sent packet length 8.
udpproto0 | No luck syncing after 500 ms... Re-queueing sync packet.
udpproto0 | send sync-request (16755).
udp | sent packet length 8.
udpproto0 | No luck syncing after 500 ms... Re-queueing sync packet.
udpproto0 | send sync-request (12623).
udp | sent packet length 8.
udpproto0 | No luck syncing after 500 ms... Re-queueing sync packet.
udpproto0 | send sync-request (15565).
udp | sent packet length 8.
udpproto0 | No luck syncing after 500 ms... Re-queueing sync packet.
udpproto0 | send sync-request (26770).
udp | sent packet length 8.
udpproto0 | No luck syncing after 500 ms... Re-queueing sync packet.
udpproto0 | send sync-request (7228).
udp | sent packet length 8.
udpproto0 | No luck syncing after 500 ms... Re-queueing sync packet.
udpproto0 | send sync-request (14142).
udp | sent packet length 8.
udpproto0 | No luck syncing after 500 ms... Re-queueing sync packet.
udpproto0 | send sync-request (29538).
udp | sent packet length 8.
udpproto0 | No luck syncing after 500 ms... Re-queueing sync packet.
udpproto0 | send sync-request (18922).
udp | sent packet length 8.
udpproto0 | No luck syncing after 500 ms... Re-queueing sync packet.
udpproto0 | send sync-request (20010).
udp | sent packet length 8.
udpproto0 | No luck syncing after 500 ms... Re-queueing sync packet.
udpproto0 | send sync-request (28624).
udp | sent packet length 8.
udpproto0 | No luck syncing after 500 ms... Re-queueing sync packet.
udpproto0 | send sync-request (28124).
udp | sent packet length 8.
udpproto0 | No luck syncing after 500 ms... Re-queueing sync packet.
udpproto0 | send sync-request (16428).
udp | sent packet length 8.
udpproto0 | No luck syncing after 500 ms... Re-queueing sync packet.
udpproto0 | send sync-request (17298).
udp | sent packet length 8.
udpproto0 | No luck syncing after 500 ms... Re-queueing sync packet.
udpproto0 | send sync-request (27477).
udp | sent packet length 8.
udpproto0 | No luck syncing after 500 ms... Re-queueing sync packet.
udpproto0 | send sync-request (15194).
udp | sent packet length 8.
udpproto0 | No luck syncing after 500 ms... Re-queueing sync packet.
udpproto0 | send sync-request (7629).
udp | sent packet length 8.
udpproto0 | No luck syncing after 500 ms... Re-queueing sync packet.
udpproto0 | send sync-request (17822).
udp | sent packet length 8.
udpproto0 | No luck syncing after 500 ms... Re-queueing sync packet.
udpproto0 | send sync-request (19611).
udp | sent packet length 8.
udpproto0 | No luck syncing after 500 ms... Re-queueing sync packet.
udpproto0 | send sync-request (14465).
udp | sent packet length 8.
udpproto0 | No luck syncing after 500 ms... Re-queueing sync packet.
udpproto0 | send sync-request (15788).
udp | sent packet length 8.
udpproto0 | No luck syncing after 500 ms... Re-queueing sync packet.
udpproto0 | send sync-request (12614).
udp | sent packet length 8.
udpproto0 | No luck syncing after 500 ms... Re-queueing sync packet.
udpproto0 | send sync-request (29714).
udp | sent packet length 8.
udpproto0 | No luck syncing after 500 ms... Re-queueing sync packet.
udpproto0 | send sync-request (7698).
udp | sent packet length 8.
udpproto0 | No luck syncing after 500 ms... Re-queueing sync packet.
udpproto0 | send sync-request (10067).
udp | sent packet length 8.
udpproto0 | No luck syncing after 500 ms... Re-queueing sync packet.
udpproto0 | send sync-request (6780).
udp | sent packet length 8.
udpproto0 | No luck syncing after 500 ms... Re-queueing sync packet.
udpproto0 | send sync-request (26158).
udp | sent packet length 8.
udpproto0 | No luck syncing after 500 ms... Re-queueing sync packet.
udpproto0 | send sync-request (24002).
udp | sent packet length 8.
udpproto0 | No luck syncing after 500 ms... Re-queueing sync packet.
udpproto0 | send sync-request (18554).
udp | sent packet length 8.
udpproto0 | No luck syncing after 500 ms... Re-queueing sync packet.
udpproto0 | send sync-request (12199).
udp | sent packet length 8.
udpproto0 | No luck syncing after 500 ms... Re-queueing sync packet.
udpproto0 | send sync-request (28941).
udp | sent packet length 8.
udpproto0 | No luck syncing after 500 ms... Re-queueing sync packet.
udpproto0 | send sync-request (16710).
udp | sent packet length 8.
udpproto0 | No luck syncing after 500 ms... Re-queueing sync packet.
udpproto0 | send sync-request (26573).
udp | sent packet length 8.
udpproto0 | No luck syncing after 500 ms... Re-queueing sync packet.
udpproto0 | send sync-request (29011).
udp | sent packet length 8.
udpproto0 | No luck syncing after 500 ms... Re-queueing sync packet.
udpproto0 | send sync-request (21850).
udp | sent packet length 8.
udpproto0 | No luck syncing after 500 ms... Re-queueing sync packet.
udpproto0 | send sync-request (32685).
udp | sent packet length 8.
udpproto0 | No luck syncing after 500 ms... Re-queueing sync packet.
udpproto0 | send sync-request (13552).
udp | sent packet length 8.
udpproto0 | No luck syncing after 500 ms... Re-queueing sync packet.
udpproto0 | send sync-request (4647).
udp | sent packet length 8.
udpproto0 | No luck syncing after 500 ms... Re-queueing sync packet.
udpproto0 | send sync-request (30321).
udp | sent packet length 8.
udpproto0 | No luck syncing after 500 ms... Re-queueing sync packet.
udpproto0 | send sync-request (15602).
udp | sent packet length 8.
udpproto0 | No luck syncing after 500 ms... Re-queueing sync packet.
udpproto0 | send sync-request (6591).
udp | sent packet length 8.
udpproto0 | No luck syncing after 500 ms... Re-queueing sync packet.
udpproto0 | send sync-request (4887).
udp | sent packet length 8.
udpproto0 | No luck syncing after 500 ms... Re-queueing sync packet.
udpproto0 | send sync-request (21956).
udp | sent packet length 8.
udpproto0 | No luck syncing after 500 ms... Re-queueing sync packet.
udpproto0 | send sync-request (10194).
udp | sent packet length 8.
udpproto0 | No luck syncing after 500 ms... Re-queueing sync packet.
udpproto0 | send sync-request (12506).
udp | sent packet length 8.
udpproto0 | No luck syncing after 500 ms... Re-queueing sync packet.
udpproto0 | send sync-request (28635).
udp | sent packet length 8.
udpproto0 | No luck syncing after 500 ms... Re-queueing sync packet.
udpproto0 | send sync-request (23933).
udp | sent packet length 8.
udpproto0 | No luck syncing after 500 ms... Re-queueing sync packet.
udpproto0 | send sync-request (10715).
udp | sent packet length 8.
udpproto0 | No luck syncing after 500 ms... Re-queueing sync packet.
udpproto0 | send sync-request (1377).
udp | sent packet length 8.
udpproto0 | No luck syncing after 500 ms... Re-queueing sync packet.
udpproto0 | send sync-request (28575).
udp | sent packet length 8.
udpproto0 | No luck syncing after 500 ms... Re-queueing sync packet.
udpproto0 | send sync-request (15973).
udp | sent packet length 8.
udpproto0 | No luck syncing after 500 ms... Re-queueing sync packet.
udpproto0 | send sync-request (24006).
udp | sent packet length 8.
udpproto0 | No luck syncing after 500 ms... Re-queueing sync packet.
udpproto0 | send sync-request (32764).
udp | sent packet length 8.
udpproto0 | No luck syncing after 500 ms... Re-queueing sync packet.
udpproto0 | send sync-request (28156).
udp | sent packet length 8.
udpproto0 | No luck syncing after 500 ms... Re-queueing sync packet.
udpproto0 | send sync-request (25860).
udp | sent packet length 8.
udpproto0 | No luck syncing after 500 ms... Re-queueing sync packet.
udpproto0 | send sync-request (16390).
udp | sent packet length 8.
udpproto0 | No luck syncing after 500 ms... Re-queueing sync packet.
udpproto0 | send sync-request (9503).
udp | sent packet length 8.
udpproto0 | No luck syncing after 500 ms... Re-queueing sync packet.
udpproto0 | send sync-request (12327).
udp | sent packet length 8.
udpproto0 | No luck syncing after 500 ms... Re-queueing sync packet.
udpproto0 | send sync-request (18954).
udp | sent packet length 8.
udpproto0 | No luck syncing after 500 ms... Re-queueing sync packet.
udpproto0 | send sync-request (19873).
udp | sent packet length 8.
udpproto0 | No luck syncing after 500 ms... Re-queueing sync packet.
udpproto0 | send sync-request (2188).
udp | sent packet length 8.
udpproto0 | No luck syncing after 500 ms... Re-queueing sync packet.
udpproto0 | send sync-request (6760).
udp | sent packet length 8.
udpproto0 | No luck syncing after 500 ms... Re-queueing sync packet.
udpproto0 | send sync-request (8685).
udp | sent packet length 8.
udpproto0 | No luck syncing after 500 ms... Re-queueing sync packet.
udpproto0 | send sync-request (1343).
udp | sent packet length 8.
udpproto0 | No luck syncing after 500 ms... Re-queueing sync packet.
udpproto0 | send sync-request (6681).
udp | sent packet length 8.
udpproto0 | No luck syncing after 500 ms... Re-queueing sync packet.
udpproto0 | send sync-request (22990).
udp | sent packet length 8.
udpproto0 | No luck syncing after 500 ms... Re-queueing sync packet.
udpproto0 | send sync-request (12244).
udp | sent packet length 8.
udpproto0 | No luck syncing after 500 ms... Re-queueing sync packet.
udpproto0 | send sync-request (32384).
udp | sent packet length 8.
udpproto0 | No luck syncing after 500 ms... Re-queueing sync packet.
udpproto0 | send sync-request (12211).
udp | sent packet length 8.
udpproto0 | No luck syncing after 500 ms... Re-queueing sync packet.
udpproto0 | send sync-request (22050).
udp | sent packet length 8.
udpproto0 | No luck syncing after 500 ms... Re-queueing sync packet.
udpproto0 | send sync-request (16308).
udp | sent packet length 8.
udpproto0 | No luck syncing after 500 ms... Re-queueing sync packet.
udpproto0 | send sync-request (2963).
udp | sent packet length 8.
udpproto0 | No luck syncing after 500 ms... Re-queueing sync packet.
udpproto0 | send sync-request (28835).
udp | sent packet length 8.
udpproto0 | No luck syncing after 500 ms... Re-queueing sync packet.
udpproto0 | send sync-request (25).
udp | sent packet length 8.
udpproto0 | No luck syncing after 500 ms... Re-queueing sync packet.
udpproto0 | send sync-request (3000).
udp | sent packet length 8.
udpproto0 | No luck syncing after 500 ms... Re-queueing sync packet.
udpproto0 | send sync-request (6405).
udp | sent packet length 8.
udpproto0 | No luck syncing after 500 ms... Re-queueing sync packet.
udpproto0 | send sync-request (1552).
udp | sent packet length 8.
udpproto0 | No luck syncing after 500 ms... Re-queueing sync packet.
udpproto0 | send sync-request (20429).
udp | sent packet length 8.
udpproto0 | No luck syncing after 500 ms... Re-queueing sync packet.
udpproto0 | send sync-request (4327).
udp | sent packet length 8.
udpproto0 | No luck syncing after 500 ms... Re-queueing sync packet.
udpproto0 | send sync-request (16342).
udp | sent packet length 8.
udpproto0 | No luck syncing after 500 ms... Re-queueing sync packet.
udpproto0 | send sync-request (13509).
udp | sent packet length 8.
udpproto0 | No luck syncing after 500 ms... Re-queueing sync packet.
udpproto0 | send sync-request (1902).
udp | sent packet length 8.
udpproto0 | No luck syncing after 500 ms... Re-queueing sync packet.
udpproto0 | send sync-request (5889).
udp | sent packet length 8.
udpproto0 | No luck syncing after 500 ms... Re-queueing sync packet.
udpproto0 | send sync-request (15826).
udp | sent packet length 8.
udpproto0 | No luck syncing after 500 ms... Re-queueing sync packet.
udpproto0 | send sync-request (17461).
udp | sent packet length 8.
udpproto0 | No luck syncing after 500 ms... Re-queueing sync packet.
udpproto0 | send sync-request (3637).
udp | sent packet length 8.
udpproto0 | No luck syncing after 500 ms... Re-queueing sync packet.
udpproto0 | send sync-request (28585).
udp | sent packet length 8.
udpproto0 | No luck syncing after 500 ms... Re-queueing sync packet.
udpproto0 | send sync-request (18462).
udp | sent packet length 8.
udpproto0 | No luck syncing after 500 ms... Re-queueing sync packet.
udpproto0 | send sync-request (22204).
udp | sent packet length 8.
udpproto0 | No luck syncing after 500 ms... Re-queueing sync packet.
udpproto0 | send sync-request (30618).
udp | sent packet length 8.
udpproto0 | No luck syncing after 500 ms... Re-queueing sync packet.
udpproto0 | send sync-request (12489).
udp | sent packet length 8.
udpproto0 | No luck syncing after 500 ms... Re-queueing sync packet.
udpproto0 | send sync-request (27666).
udp | sent packet length 8.
udpproto0 | No luck syncing after 500 ms... Re-queueing sync packet.
udpproto0 | send sync-request (5928).
udp | sent packet length 8.
udpproto0 | No luck syncing after 500 ms... Re-queueing sync packet.
udpproto0 | send sync-request (2759).
udp | sent packet length 8.
udpproto0 | No luck syncing after 500 ms... Re-queueing sync packet.
udpproto0 | send sync-request (28211).
udp | sent packet length 8.
udpproto0 | No luck syncing after 500 ms... Re-queueing sync packet.
udpproto0 | send sync-request (29254).
udp | sent packet length 8.
udpproto0 | No luck syncing after 500 ms... Re-queueing sync packet.
udpproto0 | send sync-request (24440).
udp | sent packet length 8.
udpproto0 | No luck syncing after 500 ms... Re-queueing sync packet.
udpproto0 | send sync-request (24140).
udp | sent packet length 8.
udpproto0 | No luck syncing after 500 ms... Re-queueing sync packet.
udpproto0 | send sync-request (13956).
udp | sent packet length 8.
udpproto0 | No luck syncing after 500 ms... Re-queueing sync packet.
udpproto0 | send sync-request (30704).
udp | sent packet length 8.
udpproto0 | No luck syncing after 500 ms... Re-queueing sync packet.
udpproto0 | send sync-request (15588).
udp | sent packet length 8.
udpproto0 | No luck syncing after 500 ms... Re-queueing sync packet.
udpproto0 | send sync-request (23572).
udp | sent packet length 8.
udpproto0 | No luck syncing after 500 ms... Re-queueing sync packet.
udpproto0 | send sync-request (22350).
udp | sent packet length 8.
udpproto0 | No luck syncing after 500 ms... Re-queueing sync packet.
udpproto0 | send sync-request (12909).
udp | sent packet length 8.
udpproto0 | No luck syncing after 500 ms... Re-queueing sync packet.
udpproto0 | send sync-request (29981).
udp | sent packet length 8.
udpproto0 | No luck syncing after 500 ms... Re-queueing sync packet.
udpproto0 | send sync-request (16792).
udp | sent packet length 8.
udpproto0 | No luck syncing after 500 ms... Re-queueing sync packet.
udpproto0 | send sync-request (11382).
udp | sent packet length 8.
udpproto0 | No luck syncing after 500 ms... Re-queueing sync packet.
udpproto0 | send sync-request (4381).
udp | sent packet length 8.
udpproto0 | No luck syncing after 500 ms... Re-queueing sync packet.
udpproto0 | send sync-request (28885).
udp | sent packet length 8.
udpproto0 | No luck syncing after 500 ms... Re-queueing sync packet.
udpproto0 | send sync-request (28754).
udp | sent packet length 8.
udpproto0 | No luck syncing after 500 ms... Re-queueing sync packet.
udpproto0 | send sync-request (32474).
udp | sent packet length 8.
udpproto0 | No luck syncing after 500 ms... Re-queueing sync packet.
udpproto0 | send sync-request (12660).
udp | sent packet length 8.
udpproto0 | No luck syncing after 500 ms... Re-queueing sync packet.
udpproto0 | send sync-request (12162).
udp | sent packet length 8.
udpproto0 | No luck syncing after 500 ms... Re-queueing sync packet.
udpproto0 | send sync-request (8821).
udp | sent packet length 8.
udpproto0 | No luck syncing after 500 ms... Re-queueing sync packet.
udpproto0 | send sync-request (13879).
udp | sent packet length 8.
udpproto0 | No luck syncing after 500 ms... Re-queueing sync packet.
udpproto0 | send sync-request (22862).
udp | sent packet length 8.
udpproto0 | No luck syncing after 500 ms... Re-queueing sync packet.
udpproto0 | send sync-request (10335).
udp | sent packet length 8.
udpproto0 | No luck syncing after 500 ms... Re-queueing sync packet.
udpproto0 | send sync-request (22491).
udp | sent packet length 8.
udpproto0 | No luck syncing after 500 ms... Re-queueing sync packet.
udpproto0 | send sync-request (25163).
udp | sent packet length 8.
udpproto0 | No luck syncing after 500 ms... Re-queueing sync packet.
udpproto0 | send sync-request (27523).
udp | sent packet length 8.
udpproto0 | No luck syncing after 500 ms... Re-queueing sync packet.
udpproto0 | send sync-request (15540).
udp | sent packet length 8.
udpproto0 | No luck syncing after 500 ms... Re-queueing sync packet.
udpproto0 | send sync-request (3903).
udp | sent packet length 8.
udpproto0 | No luck syncing after 500 ms... Re-queueing sync packet.
udpproto0 | send sync-request (24374).
udp | sent packet length 8.
udpproto0 | No luck syncing after 500 ms... Re-queueing sync packet.
udpproto0 | send sync-request (2748).
udp | sent packet length 8.
udpproto0 | No luck syncing after 500 ms... Re-queueing sync packet.
udpproto0 | send sync-request (8024).
udp | sent packet length 8.
udpproto0 | No luck syncing after 500 ms... Re-queueing sync packet.
udpproto0 | send sync-request (8108).
udp | sent packet length 8.
udpproto0 | No luck syncing after 500 ms... Re-queueing sync packet.
udpproto0 | send sync-request (6438).
udp | sent packet length 8.
udpproto0 | No luck syncing after 500 ms... Re-queueing sync packet.
udpproto0 | send sync-request (24197).
udp | sent packet length 8.
udpproto0 | No luck syncing after 500 ms... Re-queueing sync packet.
udpproto0 | send sync-request (21876).
udp | sent packet length 8.
udpproto0 | No luck syncing after 500 ms... Re-queueing sync packet.
udpproto0 | send sync-request (17973).
udp | sent packet length 8.
udpproto0 | No luck syncing after 500 ms... Re-queueing sync packet.
udpproto0 | send sync-request (13107).
udp | sent packet length 8.
udpproto0 | No luck syncing after 500 ms... Re-queueing sync packet.
udpproto0 | send sync-request (11939).
udp | sent packet length 8.
udpproto0 | No luck syncing after 500 ms... Re-queueing sync packet.
udpproto0 | send sync-request (13449).
udp | sent packet length 8.
udpproto0 | No luck syncing after 500 ms... Re-queueing sync packet.
udpproto0 | send sync-request (15335).
udp | sent packet length 8.
udpproto0 | No luck syncing after 500 ms... Re-queueing sync packet.
udpproto0 | send sync-request (5512).
udp | sent packet length 8.
udpproto0 | No luck syncing after 500 ms... Re-queueing sync packet.
udpproto0 | send sync-request (18599).
udp | sent packet length 8.
udpproto0 | No luck syncing after 500 ms... Re-queueing sync packet.
udpproto0 | send sync-request (437).
udp | sent packet length 8.
udpproto0 | No luck syncing after 500 ms... Re-queueing sync packet.
udpproto0 | send sync-request (26620).
udp | sent packet length 8.
udpproto0 | No luck syncing after 500 ms... Re-queueing sync packet.
udpproto0 | send sync-request (9924).
udp | sent packet length 8.
udpproto0 | No luck syncing after 500 ms... Re-queueing sync packet.
udpproto0 | send sync-request (25539).
udp | sent packet length 8.
udpproto0 | No luck syncing after 500 ms... Re-queueing sync packet.
udpproto0 | send sync-request (5682).
udp | sent packet length 8.
udpproto0 | No luck syncing after 500 ms... Re-queueing sync packet.
udpproto0 | send sync-request (593).
udp | sent packet length 8.
udpproto0 | No luck syncing after 500 ms... Re-queueing sync packet.
udpproto0 | send sync-request (13472).
udp | sent packet length 8.
udpproto0 | No luck syncing after 500 ms... Re-queueing sync packet.
udpproto0 | send sync-request (30429).
udp | sent packet length 8.
udpproto0 | No luck syncing after 500 ms... Re-queueing sync packet.
udpproto0 | send sync-request (11551).
udp | sent packet length 8.
udpproto0 | No luck syncing after 500 ms... Re-queueing sync packet.
udpproto0 | send sync-request (14875).
udp | sent packet length 8.
udpproto0 | No luck syncing after 500 ms... Re-queueing sync packet.
udpproto0 | send sync-request (20433).
udp | sent packet length 8.
udpproto0 | No luck syncing after 500 ms... Re-queueing sync packet.
udpproto0 | send sync-request (13538).
udp | sent packet length 8.
udpproto0 | No luck syncing after 500 ms... Re-queueing sync packet.
udpproto0 | send sync-request (16003).
udp | sent packet length 8.
udpproto0 | No luck syncing after 500 ms... Re-queueing sync packet.
udpproto0 | send sync-request (13525).
udp | sent packet length 8.
udpproto0 | No luck syncing after 500 ms... Re-queueing sync packet.
udpproto0 | send sync-request (7984).
udp | sent packet length 8.
udpproto0 | No luck syncing after 500 ms... Re-queueing sync packet.
udpproto0 | send sync-request (9053).
udp | sent packet length 8.
udpproto0 | No luck syncing after 500 ms... Re-queueing sync packet.
udpproto0 | send sync-request (2959).
udp | sent packet length 8.
udpproto0 | No luck syncing after 500 ms... Re-queueing sync packet.
udpproto0 | send sync-request (31101).
udp | sent packet length 8.
udpproto0 | No luck syncing after 500 ms... Re-queueing sync packet.
udpproto0 | send sync-request (28184).
udp | sent packet length 8.
udpproto0 | No luck syncing after 500 ms... Re-queueing sync packet.
udpproto0 | send sync-request (32584).
udp | sent packet length 8.
udpproto0 | No luck syncing after 500 ms... Re-queueing sync packet.
udpproto0 | send sync-request (16419).
udp | sent packet length 8.
udpproto0 | No luck syncing after 500 ms... Re-queueing sync packet.
udpproto0 | send sync-request (7167).
udp | sent packet length 8.
udpproto0 | No luck syncing after 500 ms... Re-queueing sync packet.
udpproto0 | send sync-request (31247).
udp | sent packet length 8.
udpproto0 | No luck syncing after 500 ms... Re-queueing sync packet.
udpproto0 | send sync-request (25633).
udp | sent packet length 8.
udpproto0 | No luck syncing after 500 ms... Re-queueing sync packet.
udpproto0 | send sync-request (19860).
udp | sent packet length 8.
udpproto0 | No luck syncing after 500 ms... Re-queueing sync packet.
udpproto0 | send sync-request (15602).
udp | sent packet length 8.
udpproto0 | No luck syncing after 500 ms... Re-queueing sync packet.
udpproto0 | send sync-request (17321).
udp | sent packet length 8.
udpproto0 | No luck syncing after 500 ms... Re-queueing sync packet.
udpproto0 | send sync-request (26945).
udp | sent packet length 8.
udpproto0 | No luck syncing after 500 ms... Re-queueing sync packet.
udpproto0 | send sync-request (25261).
udp | sent packet length 8.
udpproto0 | No luck syncing after 500 ms... Re-queueing sync packet.
udpproto0 | send sync-request (12674).
udp | sent packet length 8.
udpproto0 | No luck syncing after 500 ms... Re-queueing sync packet.
udpproto0 | send sync-request (26282).
udp | sent packet length 8.
udpproto0 | No luck syncing after 500 ms... Re-queueing sync packet.
udpproto0 | send sync-request (10602).
udp | sent packet length 8.
udpproto0 | No luck syncing after 500 ms... Re-queueing sync packet.
udpproto0 | send sync-request (9459).
udp | sent packet length 8.
udpproto0 | No luck syncing after 500 ms... Re-queueing sync packet.
udpproto0 | send sync-request (26541).
udp | sent packet length 8.
udpproto0 | No luck syncing after 500 ms... Re-queueing sync packet.
udpproto0 | send sync-request (15723).
udp | sent packet length 8.
udpproto0 | No luck syncing after 500 ms... Re-queueing sync packet.
udpproto0 | send sync-request (26783).
udp | sent packet length 8.
udpproto0 | No luck syncing after 500 ms... Re-queueing sync packet.
udpproto0 | send sync-request (3885).
udp | sent packet length 8.
udpproto0 | No luck syncing after 500 ms... Re-queueing sync packet.
udpproto0 | send sync-request (23219).
udp | sent packet length 8.
udpproto0 | No luck syncing after 500 ms... Re-queueing sync packet.
udpproto0 | send sync-request (21375).
udp | sent packet length 8.
udpproto0 | No luck syncing after 500 ms... Re-queueing sync packet.
udpproto0 | send sync-request (19512).
udp | sent packet length 8.
udpproto0 | No luck syncing after 500 ms... Re-queueing sync packet.
udpproto0 | send sync-request (6436).
udp | sent packet length 8.
udpproto0 | No luck syncing after 500 ms... Re-queueing sync packet.
udpproto0 | send sync-request (11207).
udp | sent packet length 8.
udpproto0 | No luck syncing after 500 ms... Re-queueing sync packet.
udpproto0 | send sync-request (27541).
udp | sent packet length 8.
udpproto0 | No luck syncing after 500 ms... Re-queueing sync packet.
udpproto0 | send sync-request (22837).
udp | sent packet length 8.
udpproto0 | No luck syncing after 500 ms... Re-queueing sync packet.
udpproto0 | send sync-request (3240).
udp | sent packet length 8.
udpproto0 | No luck syncing after 500 ms... Re-queueing sync packet.
udpproto0 | send sync-request (13067).
udp | sent packet length 8.
udpproto0 | No luck syncing after 500 ms... Re-queueing sync packet.
udpproto0 | send sync-request (7328).
udp | sent packet length 8.
udpproto0 | No luck syncing after 500 ms... Re-queueing sync packet.
udpproto0 | send sync-request (11475).
udp | sent packet length 8.
udpproto0 | No luck syncing after 500 ms... Re-queueing sync packet.
udpproto0 | send sync-request (11219).
udp | sent packet length 8.
udpproto0 | No luck syncing after 500 ms... Re-queueing sync packet.
udpproto0 | send sync-request (7355).
udp | sent packet length 8.
udpproto0 | No luck syncing after 500 ms... Re-queueing sync packet.
udpproto0 | send sync-request (18998).
udp | sent packet length 8.
udpproto0 | No luck syncing after 500 ms... Re-queueing sync packet.
udpproto0 | send sync-request (9053).
udp | sent packet length 8.
udpproto0 | No luck syncing after 500 ms... Re-queueing sync packet.
udpproto0 | send sync-request (3218).
udp | sent packet length 8.
udpproto0 | No luck syncing after 500 ms... Re-queueing sync packet.
udpproto0 | send sync-request (26280).
udp | sent packet length 8.
udpproto0 | No luck syncing after 500 ms... Re-queueing sync packet.
udpproto0 | send sync-request (31798).
udp | sent packet length 8.
udpproto0 | No luck syncing after 500 ms... Re-queueing sync packet.
udpproto0 | send sync-request (24901).
udp | sent packet length 8.
udpproto0 | No luck syncing after 500 ms... Re-queueing sync packet.
udpproto0 | send sync-request (19808).
udp | sent packet length 8.
udpproto0 | No luck syncing after 500 ms... Re-queueing sync packet.
udpproto0 | send sync-request (20969).
udp | sent packet length 8.
udpproto0 | No luck syncing after 500 ms... Re-queueing sync packet.
udpproto0 | send sync-request (22958).
udp | sent packet length 8.
udpproto0 | No luck syncing after 500 ms... Re-queueing sync packet.
udpproto0 | send sync-request (29299).
udp | sent packet length 8.
udpproto0 | No luck syncing after 500 ms... Re-queueing sync packet.
udpproto0 | send sync-request (1877).
udp | sent packet length 8.
udpproto0 | No luck syncing after 500 ms... Re-queueing sync packet.
udpproto0 | send sync-request (7373).
udp | sent packet length 8.
udpproto0 | No luck syncing after 500 ms... Re-queueing sync packet.
udpproto0 | send sync-request (19196).
udp | sent packet length 8.
udpproto0 | No luck syncing after 500 ms... Re-queueing sync packet.
udpproto0 | send sync-request (29661).
udp | sent packet length 8.
udpproto0 | No luck syncing after 500 ms... Re-queueing sync packet.
udpproto0 | send sync-request (8544).
udp | sent packet length 8.
udpproto0 | No luck syncing after 500 ms... Re-queueing sync packet.
udpproto0 | send sync-request (6420).
udp | sent packet length 8.
udpproto0 | No luck syncing after 500 ms... Re-queueing sync packet.
udpproto0 | send sync-request (1843).
udp | sent packet length 8.
udpproto0 | No luck syncing after 500 ms... Re-queueing sync packet.
udpproto0 | send sync-request (31576).
udp | sent packet length 8.
udpproto0 | No luck syncing after 500 ms... Re-queueing sync packet.
udpproto0 | send sync-request (26833).
udp | sent packet length 8.
udpproto0 | No luck syncing after 500 ms... Re-queueing sync packet.
udpproto0 | send sync-request (29278).
udp | sent packet length 8.
udpproto0 | No luck syncing after 500 ms... Re-queueing sync packet.
udpproto0 | send sync-request (4288).
udp | sent packet length 8.
udpproto0 | No luck syncing after 500 ms... Re-queueing sync packet.
udpproto0 | send sync-request (12717).
udp | sent packet length 8.
udpproto0 | No luck syncing after 500 ms... Re-queueing sync packet.
udpproto0 | send sync-request (4890).
udp | sent packet length 8.
udpproto0 | No luck syncing after 500 ms... Re-queueing sync packet.
udpproto0 | send sync-request (14563).
udp | sent packet length 8.
udpproto0 | No luck syncing after 500 ms... Re-queueing sync packet.
udpproto0 | send sync-request (25933).
udp | sent packet length 8.
udpproto0 | No luck syncing after 500 ms... Re-queueing sync packet.
udpproto0 | send sync-request (21232).
udp | sent packet length 8.
udpproto0 | No luck syncing after 500 ms... Re-queueing sync packet.
udpproto0 | send sync-request (3286).
udp | sent packet length 8.
udpproto0 | No luck syncing after 500 ms... Re-queueing sync packet.
udpproto0 | send sync-request (1125).
udp | sent packet length 8.
udpproto0 | No luck syncing after 500 ms... Re-queueing sync packet.
udpproto0 | send sync-request (25829).
udp | sent packet length 8.
udpproto0 | No luck syncing after 500 ms... Re-queueing sync packet.
udpproto0 | send sync-request (2317).
udp | sent packet length 8.
udpproto0 | No luck syncing after 500 ms... Re-queueing sync packet.
udpproto0 | send sync-request (14858).
udp | sent packet length 8.
udpproto0 | No luck syncing after 500 ms... Re-queueing sync packet.
udpproto0 | send sync-request (17251).
udp | sent packet length 8.
udpproto0 | No luck syncing after 500 ms... Re-queueing sync packet.
udpproto0 | send sync-request (13401).
udp | sent packet length 8.
udpproto0 | No luck syncing after 500 ms... Re-queueing sync packet.
udpproto0 | send sync-request (21668).
udp | sent packet length 8.
udpproto0 | No luck syncing after 500 ms... Re-queueing sync packet.
udpproto0 | send sync-request (2987).
udp | sent packet length 8.
udpproto0 | No luck syncing after 500 ms... Re-queueing sync packet.
udpproto0 | send sync-request (2704).
udp | sent packet length 8.
udpproto0 | No luck syncing after 500 ms... Re-queueing sync packet.
udpproto0 | send sync-request (7907).
udp | sent packet length 8.
udpproto0 | No luck syncing after 500 ms... Re-queueing sync packet.
udpproto0 | send sync-request (30743).
udp | sent packet length 8.
udpproto0 | No luck syncing after 500 ms... Re-queueing sync packet.
udpproto0 | send sync-request (3681).
udp | sent packet length 8.
udpproto0 | No luck syncing after 500 ms... Re-queueing sync packet.
udpproto0 | send sync-request (30851).
udp | sent packet length 8.
udpproto0 | No luck syncing after 500 ms... Re-queueing sync packet.
udpproto0 | send sync-request (15114).
udp | sent packet length 8.
udpproto0 | No luck syncing after 500 ms... Re-queueing sync packet.
udpproto0 | send sync-request (6369).
udp | sent packet length 8.
udpproto0 | No luck syncing after 500 ms... Re-queueing sync packet.
udpproto0 | send sync-request (22155).
udp | sent packet length 8.
udpproto0 | No luck syncing after 500 ms... Re-queueing sync packet.
udpproto0 | send sync-request (432).
udp | sent packet length 8.
udpproto0 | No luck syncing after 500 ms... Re-queueing sync packet.
udpproto0 | send sync-request (22213).
udp | sent packet length 8.
udpproto0 | No luck syncing after 500 ms... Re-queueing sync packet.
udpproto0 | send sync-request (2857).
udp | sent packet length 8.
udpproto0 | No luck syncing after 500 ms... Re-queueing sync packet.
udpproto0 | send sync-request (28035).
udp | sent packet length 8.
udpproto0 | No luck syncing after 500 ms... Re-queueing sync packet.
udpproto0 | send sync-request (14487).
udp | sent packet length 8.
udpproto0 | No luck syncing after 500 ms... Re-queueing sync packet.
udpproto0 | send sync-request (28387).
udp | sent packet length 8.
udpproto0 | No luck syncing after 500 ms... Re-queueing sync packet.
udpproto0 | send sync-request (31638).
udp | sent packet length 8.
udpproto0 | No luck syncing after 500 ms... Re-queueing sync packet.
udpproto0 | send sync-request (9251).
udp | sent packet length 8.
udpproto0 | No luck syncing after 500 ms... Re-queueing sync packet.
udpproto0 | send sync-request (26171).
udp | sent packet length 8.
udpproto0 | No luck syncing after 500 ms... Re-queueing sync packet.
udpproto0 | send sync-request (13738).
udp | sent packet length 8.
udpproto0 | No luck syncing after 500 ms... Re-queueing sync packet.
udpproto0 | send sync-request (27494).
udp | sent packet length 8.
udpproto0 | No luck syncing after 500 ms... Re-queueing sync packet.
udpproto0 | send sync-request (28296).
udp | sent packet length 8.
udpproto0 | No luck syncing after 500 ms... Re-queueing sync packet.
udpproto0 | send sync-request (1750).
udp | sent packet length 8.
udpproto0 | No luck syncing after 500 ms... Re-queueing sync packet.
udpproto0 | send sync-request (27839).
udp | sent packet length 8.
udpproto0 | No luck syncing after 500 ms... Re-queueing sync packet.
udpproto0 | send sync-request (12986).
udp | sent packet length 8.
udpproto0 | No luck syncing after 500 ms... Re-queueing sync packet.
udpproto0 | send sync-request (11541).
udp | sent packet length 8.
udpproto0 | No luck syncing after 500 ms... Re-queueing sync packet.
udpproto0 | send sync-request (32459).
udp | sent packet length 8.
udpproto0 | No luck syncing after 500 ms... Re-queueing sync packet.
udpproto0 | send sync-request (5702).
udp | sent packet length 8.
udpproto0 | No luck syncing after 500 ms... Re-queueing sync packet.
udpproto0 | send sync-request (32052).
udp | sent packet length 8.
udpproto0 | No luck syncing after 500 ms... Re-queueing sync packet.
udpproto0 | send sync-request (1723).
udp | sent packet length 8.
udpproto0 | No luck syncing after 500 ms... Re-queueing sync packet.
udpproto0 | send sync-request (7132).
udp | sent packet length 8.
udpproto0 | No luck syncing after 500 ms... Re-queueing sync packet.
udpproto0 | send sync-request (16713).
udp | sent packet length 8.
udpproto0 | No luck syncing after 500 ms... Re-queueing sync packet.
udpproto0 | send sync-request (29892).
udp | sent packet length 8.
udpproto0 | No luck syncing after 500 ms... Re-queueing sync packet.
udpproto0 | send sync-request (14456).
udp | sent packet length 8.
udpproto0 | No luck syncing after 500 ms... Re-queueing sync packet.
udpproto0 | send sync-request (13981).
udp | sent packet length 8.
udpproto0 | No luck syncing after 500 ms... Re-queueing sync packet.
udpproto0 | send sync-request (30046).
udp | sent packet length 8.
udpproto0 | No luck syncing after 500 ms... Re-queueing sync packet.
udpproto0 | send sync-request (3775).
udp | sent packet length 8.
udpproto0 | No luck syncing after 500 ms... Re-queueing sync packet.
udpproto0 | send sync-request (32286).
udp | sent packet length 8.
udpproto0 | No luck syncing after 500 ms... Re-queueing sync packet.
udpproto0 | send sync-request (2088).
udp | sent packet length 8.
udpproto0 | No luck syncing after 500 ms... Re-queueing sync packet.
udpproto0 | send sync-request (388).
udp | sent packet length 8.
udpproto0 | No luck syncing after 500 ms... Re-queueing sync packet.
udpproto0 | send sync-request (12082).
udp | sent packet length 8.
udpproto0 | No luck syncing after 500 ms... Re-queueing sync packet.
udpproto0 | send sync-request (30806).
udp | sent packet length 8.
udpproto0 | No luck syncing after 500 ms... Re-queueing sync packet.
udpproto0 | send sync-request (2067).
udp | sent packet length 8.
udpproto0 | No luck syncing after 500 ms... Re-queueing sync packet.
udpproto0 | send sync-request (12879).
udp | sent packet length 8.
udpproto0 | No luck syncing after 500 ms... Re-queueing sync packet.
udpproto0 | send sync-request (5749).
udp | sent packet length 8.
udpproto0 | No luck syncing after 500 ms... Re-queueing sync packet.
udpproto0 | send sync-request (13284).
udp | sent packet length 8.
udpproto0 | No luck syncing after 500 ms... Re-queueing sync packet.
udpproto0 | send sync-request (26271).
udp | sent packet length 8.
udpproto0 | No luck syncing after 500 ms... Re-queueing sync packet.
udpproto0 | send sync-request (13125).
udp | sent packet length 8.
udpproto0 | No luck syncing after 500 ms... Re-queueing sync packet.
udpproto0 | send sync-request (19715).
udp | sent packet length 8.
udpproto0 | No luck syncing after 500 ms... Re-queueing sync packet.
udpproto0 | send sync-request (13869).
udp | sent packet length 8.
udpproto0 | No luck syncing after 500 ms... Re-queueing sync packet.
udpproto0 | send sync-request (30514).
udp | sent packet length 8.
udpproto0 | No luck syncing after 500 ms... Re-queueing sync packet.
udpproto0 | send sync-request (8071).
udp | sent packet length 8.
udpproto0 | No luck syncing after 500 ms... Re-queueing sync packet.
udpproto0 | send sync-request (392).
udp | sent packet length 8.
udpproto0 | No luck syncing after 500 ms... Re-queueing sync packet.
udpproto0 | send sync-request (13046).
udp | sent packet length 8.
udpproto0 | No luck syncing after 500 ms... Re-queueing sync packet.
udpproto0 | send sync-request (7944).
udp | sent packet length 8.
udpproto0 | No luck syncing after 500 ms... Re-queueing sync packet.
udpproto0 | send sync-request (1460).
udp | sent packet length 8.
udpproto0 | No luck syncing after 500 ms... Re-queueing sync packet.
udpproto0 | send sync-request (3388).
udp | sent packet length 8.
udpproto0 | No luck syncing after 500 ms... Re-queueing sync packet.
udpproto0 | send sync-request (20334).
udp | sent packet length 8.
udpproto0 | No luck syncing after 500 ms... Re-queueing sync packet.
udpproto0 | send sync-request (7205).
udp | sent packet length 8.
udpproto0 | No luck syncing after 500 ms... Re-queueing sync packet.
udpproto0 | send sync-request (25354).
udp | sent packet length 8.
udpproto0 | No luck syncing after 500 ms... Re-queueing sync packet.
udpproto0 | send sync-request (4720).
udp | sent packet length 8.
udpproto0 | No luck syncing after 500 ms... Re-queueing sync packet.
udpproto0 | send sync-request (5743).
udp | sent packet length 8.
udpproto0 | No luck syncing after 500 ms... Re-queueing sync packet.
udpproto0 | send sync-request (14478).
udp | sent packet length 8.
udpproto0 | No luck syncing after 500 ms... Re-queueing sync packet.
udpproto0 | send sync-request (22990).
udp | sent packet length 8.
udpproto0 | No luck syncing after 500 ms... Re-queueing sync packet.
udpproto0 | send sync-request (26982).
udp | sent packet length 8.
udpproto0 | No luck syncing after 500 ms... Re-queueing sync packet.
udpproto0 | send sync-request (513).
udp | sent packet length 8.
udpproto0 | No luck syncing after 500 ms... Re-queueing sync packet.
udpproto0 | send sync-request (15800).
udp | sent packet length 8.
udpproto0 | No luck syncing after 500 ms... Re-queueing sync packet.
udpproto0 | send sync-request (9966).
udp | sent packet length 8.
udpproto0 | No luck syncing after 500 ms... Re-queueing sync packet.
udpproto0 | send sync-request (20326).
udp | sent packet length 8.
udpproto0 | No luck syncing after 500 ms... Re-queueing sync packet.
udpproto0 | send sync-request (15904).
udp | sent packet length 8.
udpproto0 | No luck syncing after 500 ms... Re-queueing sync packet.
udpproto0 | send sync-request (15425).
udp | sent packet length 8.
udpproto0 | No luck syncing after 500 ms... Re-queueing sync packet.
udpproto0 | send sync-request (6886).
udp | sent packet length 8.
udpproto0 | No luck syncing after 500 ms... Re-queueing sync packet.
udpproto0 | send sync-request (3086).
udp | sent packet length 8.
udpproto0 | No luck syncing after 500 ms... Re-queueing sync packet.
udpproto0 | send sync-request (2239).
udp | sent packet length 8.
udpproto0 | No luck syncing after 500 ms... Re-queueing sync packet.
udpproto0 | send sync-request (31710).
udp | sent packet length 8.
udpproto0 | No luck syncing after 500 ms... Re-queueing sync packet.
udpproto0 | send sync-request (6624).
udp | sent packet length 8.
udpproto0 | No luck syncing after 500 ms... Re-queueing sync packet.
udpproto0 | send sync-request (234).
udp | sent packet length 8.
udpproto0 | No luck syncing after 500 ms... Re-queueing sync packet.
udpproto0 | send sync-request (21260).
udp | sent packet length 8.
udpproto0 | No luck syncing after 500 ms... Re-queueing sync packet.
udpproto0 | send sync-request (10133).
udp | sent packet length 8.
udpproto0 | No luck syncing after 500 ms... Re-queueing sync packet.
udpproto0 | send sync-request (26399).
udp | sent packet length 8.
udpproto0 | No luck syncing after 500 ms... Re-queueing sync packet.
udpproto0 | send sync-request (22341).
udp | sent packet length 8.
udpproto0 | No luck syncing after 500 ms... Re-queueing sync packet.
udpproto0 | send sync-request (2038).
udp | sent packet length 8.
udpproto0 | No luck syncing after 500 ms... Re-queueing sync packet.
udpproto0 | send sync-request (2604).
udp | sent packet length 8.
udpproto0 | No luck syncing after 500 ms... Re-queueing sync packet.
udpproto0 | send sync-request (16285).
udp | sent packet length 8.
udpproto0 | No luck syncing after 500 ms... Re-queueing sync packet.
udpproto0 | send sync-request (16446).
udp | sent packet length 8.
udpproto0 | No luck syncing after 500 ms... Re-queueing sync packet.
udpproto0 | send sync-request (7148).
udp | sent packet length 8.
udpproto0 | No luck syncing after 500 ms... Re-queueing sync packet.
udpproto0 | send sync-request (28385).
udp | sent packet length 8.
udpproto0 | No luck syncing after 500 ms... Re-queueing sync packet.
udpproto0 | send sync-request (2035).
udp | sent packet length 8.
udpproto0 | No luck syncing after 500 ms... Re-queueing sync packet.
udpproto0 | send sync-request (31518).
udp | sent packet length 8.
udpproto0 | No luck syncing after 500 ms... Re-queueing sync packet.
udpproto0 | send sync-request (18920).
udp | sent packet length 8.
udpproto0 | No luck syncing after 500 ms... Re-queueing sync packet.
udpproto0 | send sync-request (31323).
udp | sent packet length 8.
udpproto0 | No luck syncing after 500 ms... Re-queueing sync packet.
udpproto0 | send sync-request (4474).
udp | sent packet length 8.
udpproto0 | No luck syncing after 500 ms... Re-queueing sync packet.
udpproto0 | send sync-request (5608).
udp | sent packet length 8.
udpproto0 | No luck syncing after 500 ms... Re-queueing sync packet.
udpproto0 | send sync-request (8621).
udp | sent packet length 8.
udpproto0 | No luck syncing after 500 ms... Re-queueing sync packet.
udpproto0 | send sync-request (4065).
udp | sent packet length 8.
udpproto0 | No luck syncing after 500 ms... Re-queueing sync packet.
udpproto0 | send sync-request (15024).
udp | sent packet length 8.
udpproto0 | No luck syncing after 500 ms... Re-queueing sync packet.
udpproto0 | send sync-request (7218).
udp | sent packet length 8.
udpproto0 | No luck syncing after 500 ms... Re-queueing sync packet.
udpproto0 | send sync-request (19277).
udp | sent packet length 8.
udpproto0 | No luck syncing after 500 ms... Re-queueing sync packet.
udpproto0 | send sync-request (5834).
udp | sent packet length 8.
udpproto0 | No luck syncing after 500 ms... Re-queueing sync packet.
udpproto0 | send sync-request (28381).
udp | sent packet length 8.
udpproto0 | No luck syncing after 500 ms... Re-queueing sync packet.
udpproto0 | send sync-request (10292).
udp | sent packet length 8.
udpproto0 | No luck syncing after 500 ms... Re-queueing sync packet.
udpproto0 | send sync-request (9197).
udp | sent packet length 8.
udpproto0 | No luck syncing after 500 ms... Re-queueing sync packet.
udpproto0 | send sync-request (13364).
udp | sent packet length 8.
udpproto0 | No luck syncing after 500 ms... Re-queueing sync packet.
udpproto0 | send sync-request (18678).
udp | sent packet length 8.
udpproto0 | No luck syncing after 500 ms... Re-queueing sync packet.
udpproto0 | send sync-request (2591).
udp | sent packet length 8.
udpproto0 | No luck syncing after 500 ms... Re-queueing sync packet.
udpproto0 | send sync-request (6092).
udp | sent packet length 8.
udpproto0 | No luck syncing after 500 ms... Re-queueing sync packet.
udpproto0 | send sync-request (19705).
udp | sent packet length 8.
udpproto0 | No luck syncing after 500 ms... Re-queueing sync packet.
udpproto0 | send sync-request (24001).
udp | sent packet length 8.
udpproto0 | No luck syncing after 500 ms... Re-queueing sync packet.
udpproto0 | send sync-request (31152).
udp | sent packet length 8.
udpproto0 | No luck syncing after 500 ms... Re-queueing sync packet.
udpproto0 | send sync-request (23938).
udp | sent packet length 8.
udpproto0 | No luck syncing after 500 ms... Re-queueing sync packet.
udpproto0 | send sync-request (25567).
udp | sent packet length 8.
udpproto0 | No luck syncing after 500 ms... Re-queueing sync packet.
udpproto0 | send sync-request (28986).
udp | sent packet length 8.
udpproto0 | No luck syncing after 500 ms... Re-queueing sync packet.
udpproto0 | send sync-request (1540).
udp | sent packet length 8.
udpproto0 | No luck syncing after 500 ms... Re-queueing sync packet.
udpproto0 | send sync-request (30342).
udp | sent packet length 8.
